<?xml version="1.0" encoding="UTF-8"?>
<!-- Generated by org.testng.reporters.JUnitReportReporter -->
<testsuite hostname="MYPC-PC" failures="0" tests="2" name="tests.PimTest" time="1.459" errors="0" timestamp="2022-08-28T20:20:09 IST" skipped="0">
  <testcase classname="tests.PimTest" name="verifyPimPage" time="0.233"/>
  <system-out/>
  <testcase classname="tests.PimTest" name="verifyIdCheckBoxIsSelected" time="1.226"/>
  <system-out/>
</testsuite> <!-- tests.PimTest -->
